<?xml version="1.0" encoding="UTF-8"?>
<testng-results ignored="0" total="1" passed="1" failed="0" skipped="0">
  <reporter-output>
  </reporter-output>
  <suite started-at="2023-05-07T15:34:16 CEST" name="MyTest" finished-at="2023-05-07T15:34:16 CEST" duration-ms="33">
    <groups>
    </groups>
    <test started-at="2023-05-07T15:34:16 CEST" name="Command line test" finished-at="2023-05-07T15:34:16 CEST" duration-ms="33">
      <class name="MyTest">
        <test-method signature="testAddition()[pri:0, instance:MyTest@701fc37a]" started-at="2023-05-07T15:34:16 CEST" name="testAddition" finished-at="2023-05-07T15:34:16 CEST" duration-ms="6" status="PASS">
          <reporter-output>
          </reporter-output>
        </test-method> <!-- testAddition -->
      </class> <!-- MyTest -->
    </test> <!-- Command line test -->
  </suite> <!-- MyTest -->
</testng-results>
